<?xml version="1.0" encoding="UTF-8"?>
<!-- Generated by org.testng.reporters.JUnitXMLReporter -->
<testsuite ignored="0" hostname="Oranium-Tech" failures="2" tests="2" name="chromeTest" time="25.376" errors="0" timestamp="2024-02-18T01:12:09 IST">
  <testcase classname="tests.StageSmart" name="validLoginCheck" time="3.481">
    <failure type="java.lang.AssertionError" message="expected [Dashboard] but found [Access Denied!!]">
      <![CDATA[java.lang.AssertionError: expected [Dashboard] but found [Access Denied!!]
at tests.StageSmart.validLoginCheck(StageSmart.java:17)
at java.base/java.util.ArrayList.forEach(ArrayList.java:1511)
... Removed 33 stack frames]]>
    </failure>
  </testcase> <!-- validLoginCheck -->
  <testcase classname="tests.StageSmart" name="invalidLoginCheck" time="3.516">
    <failure type="java.lang.AssertionError" message="expected [Access Denied!] but found [Access Denied!!]">
      <![CDATA[java.lang.AssertionError: expected [Access Denied!] but found [Access Denied!!]
at tests.StageSmart.invalidLoginCheck(StageSmart.java:24)
at java.base/java.util.ArrayList.forEach(ArrayList.java:1511)
... Removed 33 stack frames]]>
    </failure>
  </testcase> <!-- invalidLoginCheck -->
</testsuite> <!-- chromeTest -->
